Sun Dec 23 2018 14:43:44 GMT+0100 (West Africa Standard Time): GET /
Sun Dec 23 2018 14:44:37 GMT+0100 (West Africa Standard Time): GET /
Sun Dec 23 2018 14:44:38 GMT+0100 (West Africa Standard Time): GET /
Sun Dec 23 2018 14:44:55 GMT+0100 (West Africa Standard Time): GET /
Sun Dec 23 2018 14:44:56 GMT+0100 (West Africa Standard Time): GET /
Sun Dec 23 2018 14:45:54 GMT+0100 (West Africa Standard Time): GET /about
Sun Dec 23 2018 14:46:40 GMT+0100 (West Africa Standard Time): GET /
Sun Dec 23 2018 14:46:41 GMT+0100 (West Africa Standard Time): GET /
Sun Dec 23 2018 14:47:25 GMT+0100 (West Africa Standard Time): GET /
Sun Dec 23 2018 14:47:47 GMT+0100 (West Africa Standard Time): GET 
Sun Dec 23 2018 14:47:48 GMT+0100 (West Africa Standard Time): GET 
Sun Dec 23 2018 14:47:50 GMT+0100 (West Africa Standard Time): GET 
Sun Dec 23 2018 14:47:52 GMT+0100 (West Africa Standard Time): GET 
Sun Dec 23 2018 14:47:52 GMT+0100 (West Africa Standard Time): GET 
Sun Dec 23 2018 14:47:53 GMT+0100 (West Africa Standard Time): GET 
Sun Dec 23 2018 14:47:54 GMT+0100 (West Africa Standard Time): GET 
Sun Dec 23 2018 14:48:07 GMT+0100 (West Africa Standard Time): GET 
Sun Dec 23 2018 14:48:08 GMT+0100 (West Africa Standard Time): GET 
Sun Dec 23 2018 14:48:17 GMT+0100 (West Africa Standard Time): GET 
Sun Dec 23 2018 14:48:18 GMT+0100 (West Africa Standard Time): GET 
Sun Dec 23 2018 14:48:38 GMT+0100 (West Africa Standard Time): GET /about
Sun Dec 23 2018 14:48:39 GMT+0100 (West Africa Standard Time): GET /
Sun Dec 23 2018 14:49:44 GMT+0100 (West Africa Standard Time): GET /
Sun Dec 23 2018 14:49:45 GMT+0100 (West Africa Standard Time): GET /
Sun Dec 23 2018 14:50:52 GMT+0100 (West Africa Standard Time): GET /
Sun Dec 23 2018 14:51:05 GMT+0100 (West Africa Standard Time): GET /
Sun Dec 23 2018 14:51:06 GMT+0100 (West Africa Standard Time): GET /
Sun Dec 23 2018 15:06:09 GMT+0100 (West Africa Standard Time): GET /
Sun Dec 23 2018 15:06:10 GMT+0100 (West Africa Standard Time): GET /
Sun Dec 23 2018 15:06:17 GMT+0100 (West Africa Standard Time): GET /about
Sun Dec 23 2018 15:06:53 GMT+0100 (West Africa Standard Time): GET /about
Sun Dec 23 2018 15:06:54 GMT+0100 (West Africa Standard Time): GET /about
Sun Dec 23 2018 15:07:07 GMT+0100 (West Africa Standard Time): GET /about
Sun Dec 23 2018 15:07:08 GMT+0100 (West Africa Standard Time): GET /about
Sun Dec 23 2018 15:07:17 GMT+0100 (West Africa Standard Time): GET /about
Sun Dec 23 2018 15:07:18 GMT+0100 (West Africa Standard Time): GET /about
Sun Dec 23 2018 15:07:34 GMT+0100 (West Africa Standard Time): GET /
Sun Dec 23 2018 15:08:39 GMT+0100 (West Africa Standard Time): GET /help.html
Sun Dec 23 2018 15:08:42 GMT+0100 (West Africa Standard Time): GET /help.html
Sun Dec 23 2018 15:09:33 GMT+0100 (West Africa Standard Time): GET /
Sun Dec 23 2018 15:09:34 GMT+0100 (West Africa Standard Time): GET /
Wed Dec 26 2018 09:00:30 GMT+0100 (West Africa Standard Time): GET /
Wed Dec 26 2018 09:00:31 GMT+0100 (West Africa Standard Time): GET /favicon.ico
Wed Dec 26 2018 09:01:29 GMT+0100 (West Africa Standard Time): GET /
Wed Dec 26 2018 09:01:29 GMT+0100 (West Africa Standard Time): GET /
